[     541ms] [WARNING] Deprecated API for given entry type. @ https://www.verywellmind.com/static/8.213.0/cache/eNqNU1FuwyAMvdBYzrBJ074mTVsv4BAncUNwhE2q9vQj0dYmKY32AcK8x8M8m0IUlGzRg1eHxVEKDWDxqVjvW-4H9uhVCgdnjjoxj2Jsi7bbkhPkGCqsMoBl7gglg0QlR5rHam_24Ir7XXx6Uke-2SWN6CsOhbaBNW09kEEDlTzE7GnMYH1amDIgdANTsvBKSViL4LTdTczB5Sx0weQ2-5qaLcVRKWteugSDoFViv1NJK6Gep1zOcC5zHgzQoBkJTzu6jfZzqR3Zzvx5n9OKpcTyBnAVHc5P-Tq8TuMRNGumxduISzsXLKh-zTIw0DrK0TP2L7U-UANZOUzXYshy4my2qR1z2Ia5A9-O85m_fx6mkYMUQoM69bFAjY5Ecyyx6xa9IQGTXxEP24osSpdOTsxm0LxAHVBaKB2-3P-Cax_Kc_QjkmvTX79PZHFboKZVE4DcrH6N_n-GUlU9KZrbtknppCYNPzTZ03o.min.js:20
[    1177ms] [ERROR] Failed to load resource: the server responded with a status of 451 () @ https://api.rlcdn.com/api/identity/envelope?pid=13435:0
[    1180ms] [WARNING] [GPT] Using deprecated googletag.encryptedSignalProviders. Please use googletag.secureSignalProviders instead.
https://goo.gle/gpt-message#155 @ https://securepubads.g.doubleclick.net/pagead/managed/js/gpt/m202603310101/pubads_impl.js:18
[    3587ms] [ERROR] Failed to load resource: net::ERR_CONNECTION_REFUSED @ https://cs.nex8.net/cs/openx:0
[    3605ms] [LOG] Not starting liQHub: window.liQHub is neither undefined nor an array @ https://b-code.liadm.com/a-07sw.min.js:1
[    3670ms] [WARNING] The resource https://www.googletagmanager.com/gtag/js?id=G-JZ3Y3DDMPK&l=dataLayer&cx=c was preloaded using link preload but not used within a few seconds from the window's load event. Please make sure it has an appropriate `as` value and it is preloaded intentionally. @ https://www.verywellmind.com/friendship-style-quiz-8653537:0
[    3747ms] [INFO] Powered by AMP ⚡ HTML – Version 2603032146000 https://www.verywellmind.com/friendship-style-quiz-8653537 @ https://cdn.ampproject.org/rtv/012603032146000/amp4ads-v0.mjs:1
[    4194ms] [INFO] Powered by AMP ⚡ HTML – Version 2603032146000 https://www.verywellmind.com/friendship-style-quiz-8653537 @ https://cdn.ampproject.org/rtv/012603032146000/amp4ads-v0.mjs:1
[    4496ms] [LOG] CP: Lastmile script added @ https://g.3gl.net/jp/566/latest/InitialLoadScript.js:4
[    4570ms] [ERROR] Attestation check for Shared Storage on https://www.googleadservices.com failed. @ https://www.googleadservices.com/pagead/managed/js/activeview/current/reach_worklet.html:0
[    4722ms] [INFO] Powered by AMP ⚡ HTML – Version 2603032146000 https://www.verywellmind.com/friendship-style-quiz-8653537 @ https://cdn.ampproject.org/rtv/012603032146000/amp4ads-v0.mjs:1
[    4895ms] [ERROR] Failed to load resource: the server responded with a status of 401 () @ https://api.sail-personalize.com/v1/personalize/simple?pageviews=1&isMobile=0:0
[    4896ms] [ERROR] Personalize call failed. SyntaxError: Unexpected token 'C', "Credential"... is not valid JSON @ https://ak.sail-horizon.com/spm/spm.v1.min.js:1
[    6121ms] [ERROR] Failed to load resource: net::ERR_NAME_NOT_RESOLVED @ https://dps.jp.cinarra.com/pxd?PLATFORM_ID=1&USER_ID=2f465e0b-df24-819f-cd26-e96dceda265c:0
[    6339ms] [LOG] {aim_version: 4.57.0, event_timestamp: 2026-04-07 03:39:02, country_code: , country_description: , dgid: } @ :0
[   13034ms] [WARNING] The resource https://www.googletagmanager.com/gtag/js?id=G-JZ3Y3DDMPK&l=dataLayer&cx=c was preloaded using link preload but not used within a few seconds from the window's load event. Please make sure it has an appropriate `as` value and it is preloaded intentionally. @ https://www.verywellmind.com/friendship-style-quiz-8653537:0
[   28941ms] [ERROR] Failed to load resource: net::ERR_NAME_NOT_RESOLVED @ https://cs.lkqd.net/cs?partnerId=59&redirect=https%3A%2F%2Fcm.g.doubleclick.net%2Fpixel%3Fgoogle_nid%3Dlkqd_dbm%26google_hm%3D%24%24rawlkqduserid%7Cbase64%24%24:0
[   36037ms] [INFO] Powered by AMP ⚡ HTML – Version 2603032146000 https://www.verywellmind.com/friendship-style-quiz-8653537 @ https://cdn.ampproject.org/rtv/012603032146000/amp4ads-v0.mjs:1
[   88945ms] [WARNING] The resource https://www.googletagmanager.com/gtag/js?id=G-JZ3Y3DDMPK&l=dataLayer&cx=c was preloaded using link preload but not used within a few seconds from the window's load event. Please make sure it has an appropriate `as` value and it is preloaded intentionally. @ https://www.verywellmind.com/friendship-style-quiz-8653537:0
[   96655ms] [WARNING] The resource https://www.googletagmanager.com/gtag/js?id=G-JZ3Y3DDMPK&l=dataLayer&cx=c was preloaded using link preload but not used within a few seconds from the window's load event. Please make sure it has an appropriate `as` value and it is preloaded intentionally. @ https://www.verywellmind.com/friendship-style-quiz-8653537:0
[  100633ms] [WARNING] The resource https://www.googletagmanager.com/gtag/js?id=G-JZ3Y3DDMPK&l=dataLayer&cx=c was preloaded using link preload but not used within a few seconds from the window's load event. Please make sure it has an appropriate `as` value and it is preloaded intentionally. @ https://www.verywellmind.com/friendship-style-quiz-8653537:0
[  103623ms] [ERROR] Attestation check for Shared Storage on https://www.googleadservices.com failed. @ https://www.googleadservices.com/pagead/managed/js/activeview/current/reach_worklet.html:0
[  121025ms] [WARNING] The resource https://www.googletagmanager.com/gtag/js?id=G-JZ3Y3DDMPK&l=dataLayer&cx=c was preloaded using link preload but not used within a few seconds from the window's load event. Please make sure it has an appropriate `as` value and it is preloaded intentionally. @ https://www.verywellmind.com/friendship-style-quiz-8653537:0
[  126926ms] [WARNING] The resource https://www.googletagmanager.com/gtag/js?id=G-JZ3Y3DDMPK&l=dataLayer&cx=c was preloaded using link preload but not used within a few seconds from the window's load event. Please make sure it has an appropriate `as` value and it is preloaded intentionally. @ https://www.verywellmind.com/friendship-style-quiz-8653537:0
[  135493ms] [INFO] Powered by AMP ⚡ HTML – Version 2603032146000 https://www.verywellmind.com/friendship-style-quiz-8653537 @ https://cdn.ampproject.org/rtv/012603032146000/amp4ads-v0.mjs:1
[  167548ms] [INFO] Powered by AMP ⚡ HTML – Version 2603032146000 https://www.verywellmind.com/friendship-style-quiz-8653537 @ https://cdn.ampproject.org/rtv/012603032146000/amp4ads-v0.mjs:1
[  172670ms] [WARNING] The resource https://www.googletagmanager.com/gtag/js?id=G-JZ3Y3DDMPK&l=dataLayer&cx=c was preloaded using link preload but not used within a few seconds from the window's load event. Please make sure it has an appropriate `as` value and it is preloaded intentionally. @ https://www.verywellmind.com/friendship-style-quiz-8653537:0
[  177268ms] [WARNING] The resource https://www.googletagmanager.com/gtag/js?id=G-JZ3Y3DDMPK&l=dataLayer&cx=c was preloaded using link preload but not used within a few seconds from the window's load event. Please make sure it has an appropriate `as` value and it is preloaded intentionally. @ https://www.verywellmind.com/friendship-style-quiz-8653537:0
[  196894ms] [WARNING] The resource https://www.googletagmanager.com/gtag/js?id=G-JZ3Y3DDMPK&l=dataLayer&cx=c was preloaded using link preload but not used within a few seconds from the window's load event. Please make sure it has an appropriate `as` value and it is preloaded intentionally. @ https://www.verywellmind.com/friendship-style-quiz-8653537:0
[  199930ms] [INFO] Powered by AMP ⚡ HTML – Version 2603032146000 https://www.verywellmind.com/friendship-style-quiz-8653537 @ https://cdn.ampproject.org/rtv/012603032146000/amp4ads-v0.mjs:1
[  210734ms] [WARNING] The resource https://www.googletagmanager.com/gtag/js?id=G-JZ3Y3DDMPK&l=dataLayer&cx=c was preloaded using link preload but not used within a few seconds from the window's load event. Please make sure it has an appropriate `as` value and it is preloaded intentionally. @ https://www.verywellmind.com/friendship-style-quiz-8653537:0
[  214012ms] [WARNING] The resource https://www.googletagmanager.com/gtag/js?id=G-JZ3Y3DDMPK&l=dataLayer&cx=c was preloaded using link preload but not used within a few seconds from the window's load event. Please make sure it has an appropriate `as` value and it is preloaded intentionally. @ https://www.verywellmind.com/friendship-style-quiz-8653537:0
[  232280ms] [ERROR] Attestation check for Shared Storage on https://www.googleadservices.com failed. @ https://www.googleadservices.com/pagead/managed/js/activeview/current/reach_worklet.html:0
[  242569ms] [WARNING] The resource https://www.googletagmanager.com/gtag/js?id=G-JZ3Y3DDMPK&l=dataLayer&cx=c was preloaded using link preload but not used within a few seconds from the window's load event. Please make sure it has an appropriate `as` value and it is preloaded intentionally. @ https://www.verywellmind.com/friendship-style-quiz-8653537:0
[  247100ms] [WARNING] The resource https://www.googletagmanager.com/gtag/js?id=G-JZ3Y3DDMPK&l=dataLayer&cx=c was preloaded using link preload but not used within a few seconds from the window's load event. Please make sure it has an appropriate `as` value and it is preloaded intentionally. @ https://www.verywellmind.com/friendship-style-quiz-8653537:0
[  250816ms] [WARNING] The resource https://www.googletagmanager.com/gtag/js?id=G-JZ3Y3DDMPK&l=dataLayer&cx=c was preloaded using link preload but not used within a few seconds from the window's load event. Please make sure it has an appropriate `as` value and it is preloaded intentionally. @ https://www.verywellmind.com/friendship-style-quiz-8653537:0
[  264246ms] [INFO] Powered by AMP ⚡ HTML – Version 2603032146000 https://www.verywellmind.com/friendship-style-quiz-8653537 @ https://cdn.ampproject.org/rtv/012603032146000/amp4ads-v0.mjs:1
[  274624ms] [WARNING] The resource https://www.googletagmanager.com/gtag/js?id=G-JZ3Y3DDMPK&l=dataLayer&cx=c was preloaded using link preload but not used within a few seconds from the window's load event. Please make sure it has an appropriate `as` value and it is preloaded intentionally. @ https://www.verywellmind.com/friendship-style-quiz-8653537:0
[  280464ms] [WARNING] The resource https://www.googletagmanager.com/gtag/js?id=G-JZ3Y3DDMPK&l=dataLayer&cx=c was preloaded using link preload but not used within a few seconds from the window's load event. Please make sure it has an appropriate `as` value and it is preloaded intentionally. @ https://www.verywellmind.com/friendship-style-quiz-8653537:0
[  288172ms] [WARNING] The resource https://www.googletagmanager.com/gtag/js?id=G-JZ3Y3DDMPK&l=dataLayer&cx=c was preloaded using link preload but not used within a few seconds from the window's load event. Please make sure it has an appropriate `as` value and it is preloaded intentionally. @ https://www.verywellmind.com/friendship-style-quiz-8653537:0
[  292158ms] [WARNING] The resource https://www.googletagmanager.com/gtag/js?id=G-JZ3Y3DDMPK&l=dataLayer&cx=c was preloaded using link preload but not used within a few seconds from the window's load event. Please make sure it has an appropriate `as` value and it is preloaded intentionally. @ https://www.verywellmind.com/friendship-style-quiz-8653537:0
[  296548ms] [ERROR] Attestation check for Shared Storage on https://www.googleadservices.com failed. @ https://www.googleadservices.com/pagead/managed/js/activeview/current/reach_worklet.html:0
[  312589ms] [WARNING] The resource https://www.googletagmanager.com/gtag/js?id=G-JZ3Y3DDMPK&l=dataLayer&cx=c was preloaded using link preload but not used within a few seconds from the window's load event. Please make sure it has an appropriate `as` value and it is preloaded intentionally. @ https://www.verywellmind.com/friendship-style-quiz-8653537:0
[  318723ms] [WARNING] The resource https://www.googletagmanager.com/gtag/js?id=G-JZ3Y3DDMPK&l=dataLayer&cx=c was preloaded using link preload but not used within a few seconds from the window's load event. Please make sure it has an appropriate `as` value and it is preloaded intentionally. @ https://www.verywellmind.com/friendship-style-quiz-8653537:0
[  327290ms] [WARNING] The resource https://www.googletagmanager.com/gtag/js?id=G-JZ3Y3DDMPK&l=dataLayer&cx=c was preloaded using link preload but not used within a few seconds from the window's load event. Please make sure it has an appropriate `as` value and it is preloaded intentionally. @ https://www.verywellmind.com/friendship-style-quiz-8653537:0
[  328886ms] [ERROR] Attestation check for Shared Storage on https://www.googleadservices.com failed. @ https://www.googleadservices.com/pagead/managed/js/activeview/current/reach_worklet.html:0
[  357298ms] [WARNING] The resource https://www.googletagmanager.com/gtag/js?id=G-JZ3Y3DDMPK&l=dataLayer&cx=c was preloaded using link preload but not used within a few seconds from the window's load event. Please make sure it has an appropriate `as` value and it is preloaded intentionally. @ https://www.verywellmind.com/friendship-style-quiz-8653537:0
[  361308ms] [ERROR] Attestation check for Shared Storage on https://www.googleadservices.com failed. @ https://www.googleadservices.com/pagead/managed/js/activeview/current/reach_worklet.html:0
[  365855ms] [WARNING] The resource https://www.googletagmanager.com/gtag/js?id=G-JZ3Y3DDMPK&l=dataLayer&cx=c was preloaded using link preload but not used within a few seconds from the window's load event. Please make sure it has an appropriate `as` value and it is preloaded intentionally. @ https://www.verywellmind.com/friendship-style-quiz-8653537:0
[  393640ms] [ERROR] Attestation check for Shared Storage on https://www.googleadservices.com failed. @ https://www.googleadservices.com/pagead/managed/js/activeview/current/reach_worklet.html:0
[  397787ms] [WARNING] The resource https://www.googletagmanager.com/gtag/js?id=G-JZ3Y3DDMPK&l=dataLayer&cx=c was preloaded using link preload but not used within a few seconds from the window's load event. Please make sure it has an appropriate `as` value and it is preloaded intentionally. @ https://www.verywellmind.com/friendship-style-quiz-8653537:0
[  402277ms] [WARNING] The resource https://www.googletagmanager.com/gtag/js?id=G-JZ3Y3DDMPK&l=dataLayer&cx=c was preloaded using link preload but not used within a few seconds from the window's load event. Please make sure it has an appropriate `as` value and it is preloaded intentionally. @ https://www.verywellmind.com/friendship-style-quiz-8653537:0
[  426055ms] [ERROR] Attestation check for Shared Storage on https://www.googleadservices.com failed. @ https://www.googleadservices.com/pagead/managed/js/activeview/current/reach_worklet.html:0
[  434718ms] [WARNING] The resource https://www.googletagmanager.com/gtag/js?id=G-JZ3Y3DDMPK&l=dataLayer&cx=c was preloaded using link preload but not used within a few seconds from the window's load event. Please make sure it has an appropriate `as` value and it is preloaded intentionally. @ https://www.verywellmind.com/friendship-style-quiz-8653537:0
[  440830ms] [WARNING] The resource https://www.googletagmanager.com/gtag/js?id=G-JZ3Y3DDMPK&l=dataLayer&cx=c was preloaded using link preload but not used within a few seconds from the window's load event. Please make sure it has an appropriate `as` value and it is preloaded intentionally. @ https://www.verywellmind.com/friendship-style-quiz-8653537:0
[  458180ms] [ERROR] Attestation check for Shared Storage on https://www.googleadservices.com failed. @ https://www.googleadservices.com/pagead/managed/js/activeview/current/reach_worklet.html:0
[  472051ms] [WARNING] The resource https://www.googletagmanager.com/gtag/js?id=G-JZ3Y3DDMPK&l=dataLayer&cx=c was preloaded using link preload but not used within a few seconds from the window's load event. Please make sure it has an appropriate `as` value and it is preloaded intentionally. @ https://www.verywellmind.com/friendship-style-quiz-8653537:0
[  478170ms] [WARNING] The resource https://www.googletagmanager.com/gtag/js?id=G-JZ3Y3DDMPK&l=dataLayer&cx=c was preloaded using link preload but not used within a few seconds from the window's load event. Please make sure it has an appropriate `as` value and it is preloaded intentionally. @ https://www.verywellmind.com/friendship-style-quiz-8653537:0
[  490108ms] [INFO] Powered by AMP ⚡ HTML – Version 2603032146000 https://www.verywellmind.com/friendship-style-quiz-8653537 @ https://cdn.ampproject.org/rtv/012603032146000/amp4ads-v0.mjs:1
[  501878ms] [WARNING] The resource https://www.googletagmanager.com/gtag/js?id=G-JZ3Y3DDMPK&l=dataLayer&cx=c was preloaded using link preload but not used within a few seconds from the window's load event. Please make sure it has an appropriate `as` value and it is preloaded intentionally. @ https://www.verywellmind.com/friendship-style-quiz-8653537:0
[  509864ms] [WARNING] The resource https://www.googletagmanager.com/gtag/js?id=G-JZ3Y3DDMPK&l=dataLayer&cx=c was preloaded using link preload but not used within a few seconds from the window's load event. Please make sure it has an appropriate `as` value and it is preloaded intentionally. @ https://www.verywellmind.com/friendship-style-quiz-8653537:0
[  516260ms] [WARNING] The resource https://www.googletagmanager.com/gtag/js?id=G-JZ3Y3DDMPK&l=dataLayer&cx=c was preloaded using link preload but not used within a few seconds from the window's load event. Please make sure it has an appropriate `as` value and it is preloaded intentionally. @ https://www.verywellmind.com/friendship-style-quiz-8653537:0
[  520248ms] [WARNING] The resource https://www.googletagmanager.com/gtag/js?id=G-JZ3Y3DDMPK&l=dataLayer&cx=c was preloaded using link preload but not used within a few seconds from the window's load event. Please make sure it has an appropriate `as` value and it is preloaded intentionally. @ https://www.verywellmind.com/friendship-style-quiz-8653537:0
[  522438ms] [INFO] Powered by AMP ⚡ HTML – Version 2603032146000 https://www.verywellmind.com/friendship-style-quiz-8653537 @ https://cdn.ampproject.org/rtv/012603032146000/amp4ads-v0.mjs:1
[  544470ms] [WARNING] The resource https://www.googletagmanager.com/gtag/js?id=G-JZ3Y3DDMPK&l=dataLayer&cx=c was preloaded using link preload but not used within a few seconds from the window's load event. Please make sure it has an appropriate `as` value and it is preloaded intentionally. @ https://www.verywellmind.com/friendship-style-quiz-8653537:0
[  551631ms] [WARNING] The resource https://www.googletagmanager.com/gtag/js?id=G-JZ3Y3DDMPK&l=dataLayer&cx=c was preloaded using link preload but not used within a few seconds from the window's load event. Please make sure it has an appropriate `as` value and it is preloaded intentionally. @ https://www.verywellmind.com/friendship-style-quiz-8653537:0
[  554606ms] [ERROR] Attestation check for Shared Storage on https://www.googleadservices.com failed. @ https://www.googleadservices.com/pagead/managed/js/activeview/current/reach_worklet.html:0
[  576370ms] [WARNING] The resource https://www.googletagmanager.com/gtag/js?id=G-JZ3Y3DDMPK&l=dataLayer&cx=c was preloaded using link preload but not used within a few seconds from the window's load event. Please make sure it has an appropriate `as` value and it is preloaded intentionally. @ https://www.verywellmind.com/friendship-style-quiz-8653537:0
[  582247ms] [WARNING] The resource https://www.googletagmanager.com/gtag/js?id=G-JZ3Y3DDMPK&l=dataLayer&cx=c was preloaded using link preload but not used within a few seconds from the window's load event. Please make sure it has an appropriate `as` value and it is preloaded intentionally. @ https://www.verywellmind.com/friendship-style-quiz-8653537:0
[  587069ms] [ERROR] Attestation check for Shared Storage on https://www.googleadservices.com failed. @ https://www.googleadservices.com/pagead/managed/js/activeview/current/reach_worklet.html:0
[  592917ms] [WARNING] The resource https://www.googletagmanager.com/gtag/js?id=G-JZ3Y3DDMPK&l=dataLayer&cx=c was preloaded using link preload but not used within a few seconds from the window's load event. Please make sure it has an appropriate `as` value and it is preloaded intentionally. @ https://www.verywellmind.com/friendship-style-quiz-8653537:0
[  613699ms] [WARNING] The resource https://www.googletagmanager.com/gtag/js?id=G-JZ3Y3DDMPK&l=dataLayer&cx=c was preloaded using link preload but not used within a few seconds from the window's load event. Please make sure it has an appropriate `as` value and it is preloaded intentionally. @ https://www.verywellmind.com/friendship-style-quiz-8653537:0
[  619198ms] [ERROR] Attestation check for Shared Storage on https://www.googleadservices.com failed. @ https://www.googleadservices.com/pagead/managed/js/activeview/current/reach_worklet.html:0
[  623898ms] [WARNING] The resource https://www.googletagmanager.com/gtag/js?id=G-JZ3Y3DDMPK&l=dataLayer&cx=c was preloaded using link preload but not used within a few seconds from the window's load event. Please make sure it has an appropriate `as` value and it is preloaded intentionally. @ https://www.verywellmind.com/friendship-style-quiz-8653537:0
[  628901ms] [WARNING] The resource https://www.googletagmanager.com/gtag/js?id=G-JZ3Y3DDMPK&l=dataLayer&cx=c was preloaded using link preload but not used within a few seconds from the window's load event. Please make sure it has an appropriate `as` value and it is preloaded intentionally. @ https://www.verywellmind.com/friendship-style-quiz-8653537:0
[  651576ms] [INFO] Powered by AMP ⚡ HTML – Version 2603032146000 https://www.verywellmind.com/friendship-style-quiz-8653537 @ https://cdn.ampproject.org/rtv/012603032146000/amp4ads-v0.mjs:1
[  666589ms] [WARNING] The resource https://www.googletagmanager.com/gtag/js?id=G-JZ3Y3DDMPK&l=dataLayer&cx=c was preloaded using link preload but not used within a few seconds from the window's load event. Please make sure it has an appropriate `as` value and it is preloaded intentionally. @ https://www.verywellmind.com/friendship-style-quiz-8653537:0
[  670305ms] [WARNING] The resource https://www.googletagmanager.com/gtag/js?id=G-JZ3Y3DDMPK&l=dataLayer&cx=c was preloaded using link preload but not used within a few seconds from the window's load event. Please make sure it has an appropriate `as` value and it is preloaded intentionally. @ https://www.verywellmind.com/friendship-style-quiz-8653537:0
[  683636ms] [INFO] Powered by AMP ⚡ HTML – Version 2603032146000 https://www.verywellmind.com/friendship-style-quiz-8653537 @ https://cdn.ampproject.org/rtv/012603032146000/amp4ads-v0.mjs:1
[  699283ms] [WARNING] The resource https://www.googletagmanager.com/gtag/js?id=G-JZ3Y3DDMPK&l=dataLayer&cx=c was preloaded using link preload but not used within a few seconds from the window's load event. Please make sure it has an appropriate `as` value and it is preloaded intentionally. @ https://www.verywellmind.com/friendship-style-quiz-8653537:0
[  707265ms] [WARNING] The resource https://www.googletagmanager.com/gtag/js?id=G-JZ3Y3DDMPK&l=dataLayer&cx=c was preloaded using link preload but not used within a few seconds from the window's load event. Please make sure it has an appropriate `as` value and it is preloaded intentionally. @ https://www.verywellmind.com/friendship-style-quiz-8653537:0
[  715737ms] [INFO] Powered by AMP ⚡ HTML – Version 2603032146000 https://www.verywellmind.com/friendship-style-quiz-8653537 @ https://cdn.ampproject.org/rtv/012603032146000/amp4ads-v0.mjs:1
[  733510ms] [WARNING] The resource https://www.googletagmanager.com/gtag/js?id=G-JZ3Y3DDMPK&l=dataLayer&cx=c was preloaded using link preload but not used within a few seconds from the window's load event. Please make sure it has an appropriate `as` value and it is preloaded intentionally. @ https://www.verywellmind.com/friendship-style-quiz-8653537:0
[  739397ms] [WARNING] The resource https://www.googletagmanager.com/gtag/js?id=G-JZ3Y3DDMPK&l=dataLayer&cx=c was preloaded using link preload but not used within a few seconds from the window's load event. Please make sure it has an appropriate `as` value and it is preloaded intentionally. @ https://www.verywellmind.com/friendship-style-quiz-8653537:0
[  747940ms] [INFO] Powered by AMP ⚡ HTML – Version 2603032146000 https://www.verywellmind.com/friendship-style-quiz-8653537 @ https://cdn.ampproject.org/rtv/012603032146000/amp4ads-v0.mjs:1
[  777386ms] [WARNING] The resource https://www.googletagmanager.com/gtag/js?id=G-JZ3Y3DDMPK&l=dataLayer&cx=c was preloaded using link preload but not used within a few seconds from the window's load event. Please make sure it has an appropriate `as` value and it is preloaded intentionally. @ https://www.verywellmind.com/friendship-style-quiz-8653537:0
[  780385ms] [INFO] Powered by AMP ⚡ HTML – Version 2603032146000 https://www.verywellmind.com/friendship-style-quiz-8653537 @ https://cdn.ampproject.org/rtv/012603032146000/amp4ads-v0.mjs:1
[  786792ms] [WARNING] The resource https://www.googletagmanager.com/gtag/js?id=G-JZ3Y3DDMPK&l=dataLayer&cx=c was preloaded using link preload but not used within a few seconds from the window's load event. Please make sure it has an appropriate `as` value and it is preloaded intentionally. @ https://www.verywellmind.com/friendship-style-quiz-8653537:0
[  801726ms] [WARNING] The resource https://www.googletagmanager.com/gtag/js?id=G-JZ3Y3DDMPK&l=dataLayer&cx=c was preloaded using link preload but not used within a few seconds from the window's load event. Please make sure it has an appropriate `as` value and it is preloaded intentionally. @ https://www.verywellmind.com/friendship-style-quiz-8653537:0
[  808158ms] [WARNING] The resource https://www.googletagmanager.com/gtag/js?id=G-JZ3Y3DDMPK&l=dataLayer&cx=c was preloaded using link preload but not used within a few seconds from the window's load event. Please make sure it has an appropriate `as` value and it is preloaded intentionally. @ https://www.verywellmind.com/friendship-style-quiz-8653537:0
[  812585ms] [INFO] Powered by AMP ⚡ HTML – Version 2603032146000 https://www.verywellmind.com/friendship-style-quiz-8653537 @ https://cdn.ampproject.org/rtv/012603032146000/amp4ads-v0.mjs:1
[  817320ms] [WARNING] The resource https://www.googletagmanager.com/gtag/js?id=G-JZ3Y3DDMPK&l=dataLayer&cx=c was preloaded using link preload but not used within a few seconds from the window's load event. Please make sure it has an appropriate `as` value and it is preloaded intentionally. @ https://www.verywellmind.com/friendship-style-quiz-8653537:0
[  822267ms] [WARNING] The resource https://www.googletagmanager.com/gtag/js?id=G-JZ3Y3DDMPK&l=dataLayer&cx=c was preloaded using link preload but not used within a few seconds from the window's load event. Please make sure it has an appropriate `as` value and it is preloaded intentionally. @ https://www.verywellmind.com/friendship-style-quiz-8653537:0
[  844651ms] [INFO] Powered by AMP ⚡ HTML – Version 2603032146000 https://www.verywellmind.com/friendship-style-quiz-8653537 @ https://cdn.ampproject.org/rtv/012603032146000/amp4ads-v0.mjs:1
[  853917ms] [WARNING] The resource https://www.googletagmanager.com/gtag/js?id=G-JZ3Y3DDMPK&l=dataLayer&cx=c was preloaded using link preload but not used within a few seconds from the window's load event. Please make sure it has an appropriate `as` value and it is preloaded intentionally. @ https://www.verywellmind.com/friendship-style-quiz-8653537:0
[  858739ms] [WARNING] The resource https://www.googletagmanager.com/gtag/js?id=G-JZ3Y3DDMPK&l=dataLayer&cx=c was preloaded using link preload but not used within a few seconds from the window's load event. Please make sure it has an appropriate `as` value and it is preloaded intentionally. @ https://www.verywellmind.com/friendship-style-quiz-8653537:0
[  862482ms] [WARNING] The resource https://www.googletagmanager.com/gtag/js?id=G-JZ3Y3DDMPK&l=dataLayer&cx=c was preloaded using link preload but not used within a few seconds from the window's load event. Please make sure it has an appropriate `as` value and it is preloaded intentionally. @ https://www.verywellmind.com/friendship-style-quiz-8653537:0
[  876835ms] [INFO] Powered by AMP ⚡ HTML – Version 2603032146000 https://www.verywellmind.com/friendship-style-quiz-8653537 @ https://cdn.ampproject.org/rtv/012603032146000/amp4ads-v0.mjs:1
[  882614ms] [WARNING] The resource https://www.googletagmanager.com/gtag/js?id=G-JZ3Y3DDMPK&l=dataLayer&cx=c was preloaded using link preload but not used within a few seconds from the window's load event. Please make sure it has an appropriate `as` value and it is preloaded intentionally. @ https://www.verywellmind.com/friendship-style-quiz-8653537:0
[  889422ms] [WARNING] The resource https://www.googletagmanager.com/gtag/js?id=G-JZ3Y3DDMPK&l=dataLayer&cx=c was preloaded using link preload but not used within a few seconds from the window's load event. Please make sure it has an appropriate `as` value and it is preloaded intentionally. @ https://www.verywellmind.com/friendship-style-quiz-8653537:0
[  893457ms] [WARNING] The resource https://www.googletagmanager.com/gtag/js?id=G-JZ3Y3DDMPK&l=dataLayer&cx=c was preloaded using link preload but not used within a few seconds from the window's load event. Please make sure it has an appropriate `as` value and it is preloaded intentionally. @ https://www.verywellmind.com/friendship-style-quiz-8653537:0
[  899631ms] [WARNING] The resource https://www.googletagmanager.com/gtag/js?id=G-JZ3Y3DDMPK&l=dataLayer&cx=c was preloaded using link preload but not used within a few seconds from the window's load event. Please make sure it has an appropriate `as` value and it is preloaded intentionally. @ https://www.verywellmind.com/friendship-style-quiz-8653537:0
[  908969ms] [INFO] Powered by AMP ⚡ HTML – Version 2603032146000 https://www.verywellmind.com/friendship-style-quiz-8653537 @ https://cdn.ampproject.org/rtv/012603032146000/amp4ads-v0.mjs:1
[  927777ms] [WARNING] The resource https://www.googletagmanager.com/gtag/js?id=G-JZ3Y3DDMPK&l=dataLayer&cx=c was preloaded using link preload but not used within a few seconds from the window's load event. Please make sure it has an appropriate `as` value and it is preloaded intentionally. @ https://www.verywellmind.com/friendship-style-quiz-8653537:0
[  934428ms] [WARNING] The resource https://www.googletagmanager.com/gtag/js?id=G-JZ3Y3DDMPK&l=dataLayer&cx=c was preloaded using link preload but not used within a few seconds from the window's load event. Please make sure it has an appropriate `as` value and it is preloaded intentionally. @ https://www.verywellmind.com/friendship-style-quiz-8653537:0
[  941108ms] [INFO] Powered by AMP ⚡ HTML – Version 2603032146000 https://www.verywellmind.com/friendship-style-quiz-8653537 @ https://cdn.ampproject.org/rtv/012603032146000/amp4ads-v0.mjs:1
[  960004ms] [WARNING] The resource https://www.googletagmanager.com/gtag/js?id=G-JZ3Y3DDMPK&l=dataLayer&cx=c was preloaded using link preload but not used within a few seconds from the window's load event. Please make sure it has an appropriate `as` value and it is preloaded intentionally. @ https://www.verywellmind.com/friendship-style-quiz-8653537:0
[  965844ms] [WARNING] The resource https://www.googletagmanager.com/gtag/js?id=G-JZ3Y3DDMPK&l=dataLayer&cx=c was preloaded using link preload but not used within a few seconds from the window's load event. Please make sure it has an appropriate `as` value and it is preloaded intentionally. @ https://www.verywellmind.com/friendship-style-quiz-8653537:0
[  973312ms] [INFO] Powered by AMP ⚡ HTML – Version 2603032146000 https://www.verywellmind.com/friendship-style-quiz-8653537 @ https://cdn.ampproject.org/rtv/012603032146000/amp4ads-v0.mjs:1
[  977659ms] [WARNING] The resource https://www.googletagmanager.com/gtag/js?id=G-JZ3Y3DDMPK&l=dataLayer&cx=c was preloaded using link preload but not used within a few seconds from the window's load event. Please make sure it has an appropriate `as` value and it is preloaded intentionally. @ https://www.verywellmind.com/friendship-style-quiz-8653537:0
[  983360ms] [WARNING] The resource https://www.googletagmanager.com/gtag/js?id=G-JZ3Y3DDMPK&l=dataLayer&cx=c was preloaded using link preload but not used within a few seconds from the window's load event. Please make sure it has an appropriate `as` value and it is preloaded intentionally. @ https://www.verywellmind.com/friendship-style-quiz-8653537:0
[  994071ms] [WARNING] The resource https://www.googletagmanager.com/gtag/js?id=G-JZ3Y3DDMPK&l=dataLayer&cx=c was preloaded using link preload but not used within a few seconds from the window's load event. Please make sure it has an appropriate `as` value and it is preloaded intentionally. @ https://www.verywellmind.com/friendship-style-quiz-8653537:0
[  997286ms] [WARNING] The resource https://www.googletagmanager.com/gtag/js?id=G-JZ3Y3DDMPK&l=dataLayer&cx=c was preloaded using link preload but not used within a few seconds from the window's load event. Please make sure it has an appropriate `as` value and it is preloaded intentionally. @ https://www.verywellmind.com/friendship-style-quiz-8653537:0
[ 1005796ms] [INFO] Powered by AMP ⚡ HTML – Version 2603032146000 https://www.verywellmind.com/friendship-style-quiz-8653537 @ https://cdn.ampproject.org/rtv/012603032146000/amp4ads-v0.mjs:1
[ 1009972ms] [WARNING] The resource https://www.googletagmanager.com/gtag/js?id=G-JZ3Y3DDMPK&l=dataLayer&cx=c was preloaded using link preload but not used within a few seconds from the window's load event. Please make sure it has an appropriate `as` value and it is preloaded intentionally. @ https://www.verywellmind.com/friendship-style-quiz-8653537:0
[ 1013879ms] [WARNING] The resource https://www.googletagmanager.com/gtag/js?id=G-JZ3Y3DDMPK&l=dataLayer&cx=c was preloaded using link preload but not used within a few seconds from the window's load event. Please make sure it has an appropriate `as` value and it is preloaded intentionally. @ https://www.verywellmind.com/friendship-style-quiz-8653537:0
[ 1017445ms] [WARNING] The resource https://www.googletagmanager.com/gtag/js?id=G-JZ3Y3DDMPK&l=dataLayer&cx=c was preloaded using link preload but not used within a few seconds from the window's load event. Please make sure it has an appropriate `as` value and it is preloaded intentionally. @ https://www.verywellmind.com/friendship-style-quiz-8653537:0
[ 1037928ms] [INFO] Powered by AMP ⚡ HTML – Version 2603032146000 https://www.verywellmind.com/friendship-style-quiz-8653537 @ https://cdn.ampproject.org/rtv/012603032146000/amp4ads-v0.mjs:1
[ 1042194ms] [WARNING] The resource https://www.googletagmanager.com/gtag/js?id=G-JZ3Y3DDMPK&l=dataLayer&cx=c was preloaded using link preload but not used within a few seconds from the window's load event. Please make sure it has an appropriate `as` value and it is preloaded intentionally. @ https://www.verywellmind.com/friendship-style-quiz-8653537:0
[ 1047597ms] [WARNING] The resource https://www.googletagmanager.com/gtag/js?id=G-JZ3Y3DDMPK&l=dataLayer&cx=c was preloaded using link preload but not used within a few seconds from the window's load event. Please make sure it has an appropriate `as` value and it is preloaded intentionally. @ https://www.verywellmind.com/friendship-style-quiz-8653537:0
[ 1054016ms] [WARNING] The resource https://www.googletagmanager.com/gtag/js?id=G-JZ3Y3DDMPK&l=dataLayer&cx=c was preloaded using link preload but not used within a few seconds from the window's load event. Please make sure it has an appropriate `as` value and it is preloaded intentionally. @ https://www.verywellmind.com/friendship-style-quiz-8653537:0
[ 1059011ms] [WARNING] The resource https://www.googletagmanager.com/gtag/js?id=G-JZ3Y3DDMPK&l=dataLayer&cx=c was preloaded using link preload but not used within a few seconds from the window's load event. Please make sure it has an appropriate `as` value and it is preloaded intentionally. @ https://www.verywellmind.com/friendship-style-quiz-8653537:0
[ 1070504ms] [ERROR] Attestation check for Shared Storage on https://www.googleadservices.com failed. @ https://www.googleadservices.com/pagead/managed/js/activeview/current/reach_worklet.html:0
[ 1078417ms] [WARNING] The resource https://www.googletagmanager.com/gtag/js?id=G-JZ3Y3DDMPK&l=dataLayer&cx=c was preloaded using link preload but not used within a few seconds from the window's load event. Please make sure it has an appropriate `as` value and it is preloaded intentionally. @ https://www.verywellmind.com/friendship-style-quiz-8653537:0
[ 1103081ms] [ERROR] Attestation check for Shared Storage on https://www.googleadservices.com failed. @ https://www.googleadservices.com/pagead/managed/js/activeview/current/reach_worklet.html:0
[ 1110639ms] [WARNING] The resource https://www.googletagmanager.com/gtag/js?id=G-JZ3Y3DDMPK&l=dataLayer&cx=c was preloaded using link preload but not used within a few seconds from the window's load event. Please make sure it has an appropriate `as` value and it is preloaded intentionally. @ https://www.verywellmind.com/friendship-style-quiz-8653537:0
[ 1114009ms] [WARNING] The resource https://www.googletagmanager.com/gtag/js?id=G-JZ3Y3DDMPK&l=dataLayer&cx=c was preloaded using link preload but not used within a few seconds from the window's load event. Please make sure it has an appropriate `as` value and it is preloaded intentionally. @ https://www.verywellmind.com/friendship-style-quiz-8653537:0
[ 1119012ms] [WARNING] The resource https://www.googletagmanager.com/gtag/js?id=G-JZ3Y3DDMPK&l=dataLayer&cx=c was preloaded using link preload but not used within a few seconds from the window's load event. Please make sure it has an appropriate `as` value and it is preloaded intentionally. @ https://www.verywellmind.com/friendship-style-quiz-8653537:0
[ 1134586ms] [INFO] Powered by AMP ⚡ HTML – Version 2603032146000 https://www.verywellmind.com/friendship-style-quiz-8653537 @ https://cdn.ampproject.org/rtv/012603032146000/amp4ads-v0.mjs:1
[ 1138756ms] [WARNING] The resource https://www.googletagmanager.com/gtag/js?id=G-JZ3Y3DDMPK&l=dataLayer&cx=c was preloaded using link preload but not used within a few seconds from the window's load event. Please make sure it has an appropriate `as` value and it is preloaded intentionally. @ https://www.verywellmind.com/friendship-style-quiz-8653537:0
[ 1142670ms] [WARNING] The resource https://www.googletagmanager.com/gtag/js?id=G-JZ3Y3DDMPK&l=dataLayer&cx=c was preloaded using link preload but not used within a few seconds from the window's load event. Please make sure it has an appropriate `as` value and it is preloaded intentionally. @ https://www.verywellmind.com/friendship-style-quiz-8653537:0
[ 1167210ms] [ERROR] Attestation check for Shared Storage on https://www.googleadservices.com failed. @ https://www.googleadservices.com/pagead/managed/js/activeview/current/reach_worklet.html:0
[ 1174093ms] [WARNING] The resource https://www.googletagmanager.com/gtag/js?id=G-JZ3Y3DDMPK&l=dataLayer&cx=c was preloaded using link preload but not used within a few seconds from the window's load event. Please make sure it has an appropriate `as` value and it is preloaded intentionally. @ https://www.verywellmind.com/friendship-style-quiz-8653537:0
[ 1179008ms] [WARNING] The resource https://www.googletagmanager.com/gtag/js?id=G-JZ3Y3DDMPK&l=dataLayer&cx=c was preloaded using link preload but not used within a few seconds from the window's load event. Please make sure it has an appropriate `as` value and it is preloaded intentionally. @ https://www.verywellmind.com/friendship-style-quiz-8653537:0
[ 1183385ms] [WARNING] The resource https://www.googletagmanager.com/gtag/js?id=G-JZ3Y3DDMPK&l=dataLayer&cx=c was preloaded using link preload but not used within a few seconds from the window's load event. Please make sure it has an appropriate `as` value and it is preloaded intentionally. @ https://www.verywellmind.com/friendship-style-quiz-8653537:0
[ 1188377ms] [WARNING] The resource https://www.googletagmanager.com/gtag/js?id=G-JZ3Y3DDMPK&l=dataLayer&cx=c was preloaded using link preload but not used within a few seconds from the window's load event. Please make sure it has an appropriate `as` value and it is preloaded intentionally. @ https://www.verywellmind.com/friendship-style-quiz-8653537:0
[ 1198118ms] [WARNING] The resource https://www.googletagmanager.com/gtag/js?id=G-JZ3Y3DDMPK&l=dataLayer&cx=c was preloaded using link preload but not used within a few seconds from the window's load event. Please make sure it has an appropriate `as` value and it is preloaded intentionally. @ https://www.verywellmind.com/friendship-style-quiz-8653537:0
[ 1199539ms] [ERROR] Attestation check for Shared Storage on https://www.googleadservices.com failed. @ https://www.googleadservices.com/pagead/managed/js/activeview/current/reach_worklet.html:0
[ 1207436ms] [WARNING] The resource https://www.googletagmanager.com/gtag/js?id=G-JZ3Y3DDMPK&l=dataLayer&cx=c was preloaded using link preload but not used within a few seconds from the window's load event. Please make sure it has an appropriate `as` value and it is preloaded intentionally. @ https://www.verywellmind.com/friendship-style-quiz-8653537:0
[ 1210504ms] [WARNING] The resource https://www.googletagmanager.com/gtag/js?id=G-JZ3Y3DDMPK&l=dataLayer&cx=c was preloaded using link preload but not used within a few seconds from the window's load event. Please make sure it has an appropriate `as` value and it is preloaded intentionally. @ https://www.verywellmind.com/friendship-style-quiz-8653537:0
[ 1215508ms] [WARNING] The resource https://www.googletagmanager.com/gtag/js?id=G-JZ3Y3DDMPK&l=dataLayer&cx=c was preloaded using link preload but not used within a few seconds from the window's load event. Please make sure it has an appropriate `as` value and it is preloaded intentionally. @ https://www.verywellmind.com/friendship-style-quiz-8653537:0
[ 1220506ms] [WARNING] The resource https://www.googletagmanager.com/gtag/js?id=G-JZ3Y3DDMPK&l=dataLayer&cx=c was preloaded using link preload but not used within a few seconds from the window's load event. Please make sure it has an appropriate `as` value and it is preloaded intentionally. @ https://www.verywellmind.com/friendship-style-quiz-8653537:0
[ 1227771ms] [WARNING] The resource https://www.googletagmanager.com/gtag/js?id=G-JZ3Y3DDMPK&l=dataLayer&cx=c was preloaded using link preload but not used within a few seconds from the window's load event. Please make sure it has an appropriate `as` value and it is preloaded intentionally. @ https://www.verywellmind.com/friendship-style-quiz-8653537:0
[ 1231417ms] [INFO] Powered by AMP ⚡ HTML – Version 2603032146000 https://www.verywellmind.com/friendship-style-quiz-8653537 @ https://cdn.ampproject.org/rtv/012603032146000/amp4ads-v0.mjs:1
[ 1239501ms] [WARNING] The resource https://www.googletagmanager.com/gtag/js?id=G-JZ3Y3DDMPK&l=dataLayer&cx=c was preloaded using link preload but not used within a few seconds from the window's load event. Please make sure it has an appropriate `as` value and it is preloaded intentionally. @ https://www.verywellmind.com/friendship-style-quiz-8653537:0
[ 1258083ms] [WARNING] The resource https://www.googletagmanager.com/gtag/js?id=G-JZ3Y3DDMPK&l=dataLayer&cx=c was preloaded using link preload but not used within a few seconds from the window's load event. Please make sure it has an appropriate `as` value and it is preloaded intentionally. @ https://www.verywellmind.com/friendship-style-quiz-8653537:0
[ 1263652ms] [INFO] Powered by AMP ⚡ HTML – Version 2603032146000 https://www.verywellmind.com/friendship-style-quiz-8653537 @ https://cdn.ampproject.org/rtv/012603032146000/amp4ads-v0.mjs:1
[ 1267982ms] [WARNING] The resource https://www.googletagmanager.com/gtag/js?id=G-JZ3Y3DDMPK&l=dataLayer&cx=c was preloaded using link preload but not used within a few seconds from the window's load event. Please make sure it has an appropriate `as` value and it is preloaded intentionally. @ https://www.verywellmind.com/friendship-style-quiz-8653537:0
[ 1271812ms] [WARNING] The resource https://www.googletagmanager.com/gtag/js?id=G-JZ3Y3DDMPK&l=dataLayer&cx=c was preloaded using link preload but not used within a few seconds from the window's load event. Please make sure it has an appropriate `as` value and it is preloaded intentionally. @ https://www.verywellmind.com/friendship-style-quiz-8653537:0
[ 1287788ms] [WARNING] The resource https://www.googletagmanager.com/gtag/js?id=G-JZ3Y3DDMPK&l=dataLayer&cx=c was preloaded using link preload but not used within a few seconds from the window's load event. Please make sure it has an appropriate `as` value and it is preloaded intentionally. @ https://www.verywellmind.com/friendship-style-quiz-8653537:0
[ 1293992ms] [WARNING] The resource https://www.googletagmanager.com/gtag/js?id=G-JZ3Y3DDMPK&l=dataLayer&cx=c was preloaded using link preload but not used within a few seconds from the window's load event. Please make sure it has an appropriate `as` value and it is preloaded intentionally. @ https://www.verywellmind.com/friendship-style-quiz-8653537:0
[ 1296037ms] [INFO] Powered by AMP ⚡ HTML – Version 2603032146000 https://www.verywellmind.com/friendship-style-quiz-8653537 @ https://cdn.ampproject.org/rtv/012603032146000/amp4ads-v0.mjs:1
[ 1300318ms] [WARNING] The resource https://www.googletagmanager.com/gtag/js?id=G-JZ3Y3DDMPK&l=dataLayer&cx=c was preloaded using link preload but not used within a few seconds from the window's load event. Please make sure it has an appropriate `as` value and it is preloaded intentionally. @ https://www.verywellmind.com/friendship-style-quiz-8653537:0
[ 1304112ms] [WARNING] The resource https://www.googletagmanager.com/gtag/js?id=G-JZ3Y3DDMPK&l=dataLayer&cx=c was preloaded using link preload but not used within a few seconds from the window's load event. Please make sure it has an appropriate `as` value and it is preloaded intentionally. @ https://www.verywellmind.com/friendship-style-quiz-8653537:0
[ 1318015ms] [WARNING] The resource https://www.googletagmanager.com/gtag/js?id=G-JZ3Y3DDMPK&l=dataLayer&cx=c was preloaded using link preload but not used within a few seconds from the window's load event. Please make sure it has an appropriate `as` value and it is preloaded intentionally. @ https://www.verywellmind.com/friendship-style-quiz-8653537:0
[ 1324020ms] [WARNING] The resource https://www.googletagmanager.com/gtag/js?id=G-JZ3Y3DDMPK&l=dataLayer&cx=c was preloaded using link preload but not used within a few seconds from the window's load event. Please make sure it has an appropriate `as` value and it is preloaded intentionally. @ https://www.verywellmind.com/friendship-style-quiz-8653537:0
[ 1328192ms] [INFO] Powered by AMP ⚡ HTML – Version 2603032146000 https://www.verywellmind.com/friendship-style-quiz-8653537 @ https://cdn.ampproject.org/rtv/012603032146000/amp4ads-v0.mjs:1
[ 1332395ms] [WARNING] The resource https://www.googletagmanager.com/gtag/js?id=G-JZ3Y3DDMPK&l=dataLayer&cx=c was preloaded using link preload but not used within a few seconds from the window's load event. Please make sure it has an appropriate `as` value and it is preloaded intentionally. @ https://www.verywellmind.com/friendship-style-quiz-8653537:0
[ 1336274ms] [WARNING] The resource https://www.googletagmanager.com/gtag/js?id=G-JZ3Y3DDMPK&l=dataLayer&cx=c was preloaded using link preload but not used within a few seconds from the window's load event. Please make sure it has an appropriate `as` value and it is preloaded intentionally. @ https://www.verywellmind.com/friendship-style-quiz-8653537:0
[ 1347784ms] [WARNING] The resource https://www.googletagmanager.com/gtag/js?id=G-JZ3Y3DDMPK&l=dataLayer&cx=c was preloaded using link preload but not used within a few seconds from the window's load event. Please make sure it has an appropriate `as` value and it is preloaded intentionally. @ https://www.verywellmind.com/friendship-style-quiz-8653537:0
[ 1354007ms] [WARNING] The resource https://www.googletagmanager.com/gtag/js?id=G-JZ3Y3DDMPK&l=dataLayer&cx=c was preloaded using link preload but not used within a few seconds from the window's load event. Please make sure it has an appropriate `as` value and it is preloaded intentionally. @ https://www.verywellmind.com/friendship-style-quiz-8653537:0
[ 1359007ms] [WARNING] The resource https://www.googletagmanager.com/gtag/js?id=G-JZ3Y3DDMPK&l=dataLayer&cx=c was preloaded using link preload but not used within a few seconds from the window's load event. Please make sure it has an appropriate `as` value and it is preloaded intentionally. @ https://www.verywellmind.com/friendship-style-quiz-8653537:0
[ 1361293ms] [ERROR] Attestation check for Shared Storage on https://www.googleadservices.com failed. @ https://www.googleadservices.com/pagead/managed/js/activeview/current/reach_worklet.html:0
[ 1368416ms] [WARNING] The resource https://www.googletagmanager.com/gtag/js?id=G-JZ3Y3DDMPK&l=dataLayer&cx=c was preloaded using link preload but not used within a few seconds from the window's load event. Please make sure it has an appropriate `as` value and it is preloaded intentionally. @ https://www.verywellmind.com/friendship-style-quiz-8653537:0
[ 1378013ms] [WARNING] The resource https://www.googletagmanager.com/gtag/js?id=G-JZ3Y3DDMPK&l=dataLayer&cx=c was preloaded using link preload but not used within a few seconds from the window's load event. Please make sure it has an appropriate `as` value and it is preloaded intentionally. @ https://www.verywellmind.com/friendship-style-quiz-8653537:0
[ 1384012ms] [WARNING] The resource https://www.googletagmanager.com/gtag/js?id=G-JZ3Y3DDMPK&l=dataLayer&cx=c was preloaded using link preload but not used within a few seconds from the window's load event. Please make sure it has an appropriate `as` value and it is preloaded intentionally. @ https://www.verywellmind.com/friendship-style-quiz-8653537:0
[ 1389010ms] [WARNING] The resource https://www.googletagmanager.com/gtag/js?id=G-JZ3Y3DDMPK&l=dataLayer&cx=c was preloaded using link preload but not used within a few seconds from the window's load event. Please make sure it has an appropriate `as` value and it is preloaded intentionally. @ https://www.verywellmind.com/friendship-style-quiz-8653537:0
[ 1393490ms] [ERROR] Attestation check for Shared Storage on https://www.googleadservices.com failed. @ https://www.googleadservices.com/pagead/managed/js/activeview/current/reach_worklet.html:0
[ 1396970ms] [WARNING] The resource https://www.googletagmanager.com/gtag/js?id=G-JZ3Y3DDMPK&l=dataLayer&cx=c was preloaded using link preload but not used within a few seconds from the window's load event. Please make sure it has an appropriate `as` value and it is preloaded intentionally. @ https://www.verywellmind.com/friendship-style-quiz-8653537:0
[ 1400895ms] [WARNING] The resource https://www.googletagmanager.com/gtag/js?id=G-JZ3Y3DDMPK&l=dataLayer&cx=c was preloaded using link preload but not used within a few seconds from the window's load event. Please make sure it has an appropriate `as` value and it is preloaded intentionally. @ https://www.verywellmind.com/friendship-style-quiz-8653537:0
[ 1408504ms] [WARNING] The resource https://www.googletagmanager.com/gtag/js?id=G-JZ3Y3DDMPK&l=dataLayer&cx=c was preloaded using link preload but not used within a few seconds from the window's load event. Please make sure it has an appropriate `as` value and it is preloaded intentionally. @ https://www.verywellmind.com/friendship-style-quiz-8653537:0
[ 1424978ms] [INFO] Powered by AMP ⚡ HTML – Version 2603032146000 https://www.verywellmind.com/friendship-style-quiz-8653537 @ https://cdn.ampproject.org/rtv/012603032146000/amp4ads-v0.mjs:1
[ 1429144ms] [WARNING] The resource https://www.googletagmanager.com/gtag/js?id=G-JZ3Y3DDMPK&l=dataLayer&cx=c was preloaded using link preload but not used within a few seconds from the window's load event. Please make sure it has an appropriate `as` value and it is preloaded intentionally. @ https://www.verywellmind.com/friendship-style-quiz-8653537:0
[ 1433136ms] [WARNING] The resource https://www.googletagmanager.com/gtag/js?id=G-JZ3Y3DDMPK&l=dataLayer&cx=c was preloaded using link preload but not used within a few seconds from the window's load event. Please make sure it has an appropriate `as` value and it is preloaded intentionally. @ https://www.verywellmind.com/friendship-style-quiz-8653537:0
[ 1438095ms] [WARNING] The resource https://www.googletagmanager.com/gtag/js?id=G-JZ3Y3DDMPK&l=dataLayer&cx=c was preloaded using link preload but not used within a few seconds from the window's load event. Please make sure it has an appropriate `as` value and it is preloaded intentionally. @ https://www.verywellmind.com/friendship-style-quiz-8653537:0
[ 1444002ms] [WARNING] The resource https://www.googletagmanager.com/gtag/js?id=G-JZ3Y3DDMPK&l=dataLayer&cx=c was preloaded using link preload but not used within a few seconds from the window's load event. Please make sure it has an appropriate `as` value and it is preloaded intentionally. @ https://www.verywellmind.com/friendship-style-quiz-8653537:0
[ 1449011ms] [WARNING] The resource https://www.googletagmanager.com/gtag/js?id=G-JZ3Y3DDMPK&l=dataLayer&cx=c was preloaded using link preload but not used within a few seconds from the window's load event. Please make sure it has an appropriate `as` value and it is preloaded intentionally. @ https://www.verywellmind.com/friendship-style-quiz-8653537:0
[ 1459579ms] [ERROR] Attestation check for Shared Storage on https://www.googleadservices.com failed. @ https://www.googleadservices.com/pagead/managed/js/activeview/current/reach_worklet.html:0
[ 1468666ms] [WARNING] The resource https://www.googletagmanager.com/gtag/js?id=G-JZ3Y3DDMPK&l=dataLayer&cx=c was preloaded using link preload but not used within a few seconds from the window's load event. Please make sure it has an appropriate `as` value and it is preloaded intentionally. @ https://www.verywellmind.com/friendship-style-quiz-8653537:0
[ 1473650ms] [WARNING] The resource https://www.googletagmanager.com/gtag/js?id=G-JZ3Y3DDMPK&l=dataLayer&cx=c was preloaded using link preload but not used within a few seconds from the window's load event. Please make sure it has an appropriate `as` value and it is preloaded intentionally. @ https://www.verywellmind.com/friendship-style-quiz-8653537:0
[ 1478649ms] [WARNING] The resource https://www.googletagmanager.com/gtag/js?id=G-JZ3Y3DDMPK&l=dataLayer&cx=c was preloaded using link preload but not used within a few seconds from the window's load event. Please make sure it has an appropriate `as` value and it is preloaded intentionally. @ https://www.verywellmind.com/friendship-style-quiz-8653537:0
[ 1490111ms] [ERROR] Attestation check for Shared Storage on https://www.googleadservices.com failed. @ https://www.googleadservices.com/pagead/managed/js/activeview/current/reach_worklet.html:0
[ 1500781ms] [WARNING] The resource https://www.googletagmanager.com/gtag/js?id=G-JZ3Y3DDMPK&l=dataLayer&cx=c was preloaded using link preload but not used within a few seconds from the window's load event. Please make sure it has an appropriate `as` value and it is preloaded intentionally. @ https://www.verywellmind.com/friendship-style-quiz-8653537:0
[ 1505785ms] [WARNING] The resource https://www.googletagmanager.com/gtag/js?id=G-JZ3Y3DDMPK&l=dataLayer&cx=c was preloaded using link preload but not used within a few seconds from the window's load event. Please make sure it has an appropriate `as` value and it is preloaded intentionally. @ https://www.verywellmind.com/friendship-style-quiz-8653537:0
[ 1510776ms] [WARNING] The resource https://www.googletagmanager.com/gtag/js?id=G-JZ3Y3DDMPK&l=dataLayer&cx=c was preloaded using link preload but not used within a few seconds from the window's load event. Please make sure it has an appropriate `as` value and it is preloaded intentionally. @ https://www.verywellmind.com/friendship-style-quiz-8653537:0
[ 1521749ms] [INFO] Powered by AMP ⚡ HTML – Version 2603032146000 https://www.verywellmind.com/friendship-style-quiz-8653537 @ https://cdn.ampproject.org/rtv/012603032146000/amp4ads-v0.mjs:1
[ 1529829ms] [WARNING] The resource https://www.googletagmanager.com/gtag/js?id=G-JZ3Y3DDMPK&l=dataLayer&cx=c was preloaded using link preload but not used within a few seconds from the window's load event. Please make sure it has an appropriate `as` value and it is preloaded intentionally. @ https://www.verywellmind.com/friendship-style-quiz-8653537:0
[ 1553871ms] [INFO] Powered by AMP ⚡ HTML – Version 2603032146000 https://www.verywellmind.com/friendship-style-quiz-8653537 @ https://cdn.ampproject.org/rtv/012603032146000/amp4ads-v0.mjs:1
[ 1558065ms] [WARNING] The resource https://www.googletagmanager.com/gtag/js?id=G-JZ3Y3DDMPK&l=dataLayer&cx=c was preloaded using link preload but not used within a few seconds from the window's load event. Please make sure it has an appropriate `as` value and it is preloaded intentionally. @ https://www.verywellmind.com/friendship-style-quiz-8653537:0
[ 1563991ms] [WARNING] The resource https://www.googletagmanager.com/gtag/js?id=G-JZ3Y3DDMPK&l=dataLayer&cx=c was preloaded using link preload but not used within a few seconds from the window's load event. Please make sure it has an appropriate `as` value and it is preloaded intentionally. @ https://www.verywellmind.com/friendship-style-quiz-8653537:0
[ 1568996ms] [WARNING] The resource https://www.googletagmanager.com/gtag/js?id=G-JZ3Y3DDMPK&l=dataLayer&cx=c was preloaded using link preload but not used within a few seconds from the window's load event. Please make sure it has an appropriate `as` value and it is preloaded intentionally. @ https://www.verywellmind.com/friendship-style-quiz-8653537:0
[ 1586413ms] [ERROR] Attestation check for Shared Storage on https://www.googleadservices.com failed. @ https://www.googleadservices.com/pagead/managed/js/activeview/current/reach_worklet.html:0
[ 1590562ms] [WARNING] The resource https://www.googletagmanager.com/gtag/js?id=G-JZ3Y3DDMPK&l=dataLayer&cx=c was preloaded using link preload but not used within a few seconds from the window's load event. Please make sure it has an appropriate `as` value and it is preloaded intentionally. @ https://www.verywellmind.com/friendship-style-quiz-8653537:0
[ 1594373ms] [WARNING] The resource https://www.googletagmanager.com/gtag/js?id=G-JZ3Y3DDMPK&l=dataLayer&cx=c was preloaded using link preload but not used within a few seconds from the window's load event. Please make sure it has an appropriate `as` value and it is preloaded intentionally. @ https://www.verywellmind.com/friendship-style-quiz-8653537:0
[ 1618544ms] [ERROR] Attestation check for Shared Storage on https://www.googleadservices.com failed. @ https://www.googleadservices.com/pagead/managed/js/activeview/current/reach_worklet.html:0
[ 1624075ms] [WARNING] The resource https://www.googletagmanager.com/gtag/js?id=G-JZ3Y3DDMPK&l=dataLayer&cx=c was preloaded using link preload but not used within a few seconds from the window's load event. Please make sure it has an appropriate `as` value and it is preloaded intentionally. @ https://www.verywellmind.com/friendship-style-quiz-8653537:0
[ 1629000ms] [WARNING] The resource https://www.googletagmanager.com/gtag/js?id=G-JZ3Y3DDMPK&l=dataLayer&cx=c was preloaded using link preload but not used within a few seconds from the window's load event. Please make sure it has an appropriate `as` value and it is preloaded intentionally. @ https://www.verywellmind.com/friendship-style-quiz-8653537:0
[ 1647827ms] [WARNING] The resource https://www.googletagmanager.com/gtag/js?id=G-JZ3Y3DDMPK&l=dataLayer&cx=c was preloaded using link preload but not used within a few seconds from the window's load event. Please make sure it has an appropriate `as` value and it is preloaded intentionally. @ https://www.verywellmind.com/friendship-style-quiz-8653537:0
[ 1650886ms] [ERROR] Attestation check for Shared Storage on https://www.googleadservices.com failed. @ https://www.googleadservices.com/pagead/managed/js/activeview/current/reach_worklet.html:0
[ 1661772ms] [WARNING] The resource https://www.googletagmanager.com/gtag/js?id=G-JZ3Y3DDMPK&l=dataLayer&cx=c was preloaded using link preload but not used within a few seconds from the window's load event. Please make sure it has an appropriate `as` value and it is preloaded intentionally. @ https://www.verywellmind.com/friendship-style-quiz-8653537:0
[ 1666781ms] [WARNING] The resource https://www.googletagmanager.com/gtag/js?id=G-JZ3Y3DDMPK&l=dataLayer&cx=c was preloaded using link preload but not used within a few seconds from the window's load event. Please make sure it has an appropriate `as` value and it is preloaded intentionally. @ https://www.verywellmind.com/friendship-style-quiz-8653537:0
[ 1671785ms] [WARNING] The resource https://www.googletagmanager.com/gtag/js?id=G-JZ3Y3DDMPK&l=dataLayer&cx=c was preloaded using link preload but not used within a few seconds from the window's load event. Please make sure it has an appropriate `as` value and it is preloaded intentionally. @ https://www.verywellmind.com/friendship-style-quiz-8653537:0
[ 1678124ms] [WARNING] The resource https://www.googletagmanager.com/gtag/js?id=G-JZ3Y3DDMPK&l=dataLayer&cx=c was preloaded using link preload but not used within a few seconds from the window's load event. Please make sure it has an appropriate `as` value and it is preloaded intentionally. @ https://www.verywellmind.com/friendship-style-quiz-8653537:0
[ 1682860ms] [ERROR] Attestation check for Shared Storage on https://www.googleadservices.com failed. @ https://www.googleadservices.com/pagead/managed/js/activeview/current/reach_worklet.html:0
[ 1690824ms] [WARNING] The resource https://www.googletagmanager.com/gtag/js?id=G-JZ3Y3DDMPK&l=dataLayer&cx=c was preloaded using link preload but not used within a few seconds from the window's load event. Please make sure it has an appropriate `as` value and it is preloaded intentionally. @ https://www.verywellmind.com/friendship-style-quiz-8653537:0
[ 1707915ms] [WARNING] The resource https://www.googletagmanager.com/gtag/js?id=G-JZ3Y3DDMPK&l=dataLayer&cx=c was preloaded using link preload but not used within a few seconds from the window's load event. Please make sure it has an appropriate `as` value and it is preloaded intentionally. @ https://www.verywellmind.com/friendship-style-quiz-8653537:0
[ 1715108ms] [ERROR] Attestation check for Shared Storage on https://www.googleadservices.com failed. @ https://www.googleadservices.com/pagead/managed/js/activeview/current/reach_worklet.html:0
[ 1726042ms] [WARNING] The resource https://www.googletagmanager.com/gtag/js?id=G-JZ3Y3DDMPK&l=dataLayer&cx=c was preloaded using link preload but not used within a few seconds from the window's load event. Please make sure it has an appropriate `as` value and it is preloaded intentionally. @ https://www.verywellmind.com/friendship-style-quiz-8653537:0
[ 1731066ms] [WARNING] The resource https://www.googletagmanager.com/gtag/js?id=G-JZ3Y3DDMPK&l=dataLayer&cx=c was preloaded using link preload but not used within a few seconds from the window's load event. Please make sure it has an appropriate `as` value and it is preloaded intentionally. @ https://www.verywellmind.com/friendship-style-quiz-8653537:0
[ 1738131ms] [WARNING] The resource https://www.googletagmanager.com/gtag/js?id=G-JZ3Y3DDMPK&l=dataLayer&cx=c was preloaded using link preload but not used within a few seconds from the window's load event. Please make sure it has an appropriate `as` value and it is preloaded intentionally. @ https://www.verywellmind.com/friendship-style-quiz-8653537:0
[ 1744095ms] [WARNING] The resource https://www.googletagmanager.com/gtag/js?id=G-JZ3Y3DDMPK&l=dataLayer&cx=c was preloaded using link preload but not used within a few seconds from the window's load event. Please make sure it has an appropriate `as` value and it is preloaded intentionally. @ https://www.verywellmind.com/friendship-style-quiz-8653537:0
[ 1747658ms] [ERROR] Attestation check for Shared Storage on https://www.googleadservices.com failed. @ https://www.googleadservices.com/pagead/managed/js/activeview/current/reach_worklet.html:0
[ 1755145ms] [WARNING] The resource https://www.googletagmanager.com/gtag/js?id=G-JZ3Y3DDMPK&l=dataLayer&cx=c was preloaded using link preload but not used within a few seconds from the window's load event. Please make sure it has an appropriate `as` value and it is preloaded intentionally. @ https://www.verywellmind.com/friendship-style-quiz-8653537:0
[ 1758213ms] [WARNING] The resource https://www.googletagmanager.com/gtag/js?id=G-JZ3Y3DDMPK&l=dataLayer&cx=c was preloaded using link preload but not used within a few seconds from the window's load event. Please make sure it has an appropriate `as` value and it is preloaded intentionally. @ https://www.verywellmind.com/friendship-style-quiz-8653537:0
[ 1763227ms] [WARNING] The resource https://www.googletagmanager.com/gtag/js?id=G-JZ3Y3DDMPK&l=dataLayer&cx=c was preloaded using link preload but not used within a few seconds from the window's load event. Please make sure it has an appropriate `as` value and it is preloaded intentionally. @ https://www.verywellmind.com/friendship-style-quiz-8653537:0
[ 1768117ms] [WARNING] The resource https://www.googletagmanager.com/gtag/js?id=G-JZ3Y3DDMPK&l=dataLayer&cx=c was preloaded using link preload but not used within a few seconds from the window's load event. Please make sure it has an appropriate `as` value and it is preloaded intentionally. @ https://www.verywellmind.com/friendship-style-quiz-8653537:0
[ 1779683ms] [ERROR] Attestation check for Shared Storage on https://www.googleadservices.com failed. @ https://www.googleadservices.com/pagead/managed/js/activeview/current/reach_worklet.html:0
[ 1783573ms] [WARNING] The resource https://www.googletagmanager.com/gtag/js?id=G-JZ3Y3DDMPK&l=dataLayer&cx=c was preloaded using link preload but not used within a few seconds from the window's load event. Please make sure it has an appropriate `as` value and it is preloaded intentionally. @ https://www.verywellmind.com/friendship-style-quiz-8653537:0
[ 1787600ms] [WARNING] The resource https://www.googletagmanager.com/gtag/js?id=G-JZ3Y3DDMPK&l=dataLayer&cx=c was preloaded using link preload but not used within a few seconds from the window's load event. Please make sure it has an appropriate `as` value and it is preloaded intentionally. @ https://www.verywellmind.com/friendship-style-quiz-8653537:0
[ 1798077ms] [WARNING] The resource https://www.googletagmanager.com/gtag/js?id=G-JZ3Y3DDMPK&l=dataLayer&cx=c was preloaded using link preload but not used within a few seconds from the window's load event. Please make sure it has an appropriate `as` value and it is preloaded intentionally. @ https://www.verywellmind.com/friendship-style-quiz-8653537:0
[ 1803977ms] [WARNING] The resource https://www.googletagmanager.com/gtag/js?id=G-JZ3Y3DDMPK&l=dataLayer&cx=c was preloaded using link preload but not used within a few seconds from the window's load event. Please make sure it has an appropriate `as` value and it is preloaded intentionally. @ https://www.verywellmind.com/friendship-style-quiz-8653537:0
[ 1808976ms] [WARNING] The resource https://www.googletagmanager.com/gtag/js?id=G-JZ3Y3DDMPK&l=dataLayer&cx=c was preloaded using link preload but not used within a few seconds from the window's load event. Please make sure it has an appropriate `as` value and it is preloaded intentionally. @ https://www.verywellmind.com/friendship-style-quiz-8653537:0
[ 1811767ms] [ERROR] Attestation check for Shared Storage on https://www.googleadservices.com failed. @ https://www.googleadservices.com/pagead/managed/js/activeview/current/reach_worklet.html:0
[ 1819629ms] [WARNING] The resource https://www.googletagmanager.com/gtag/js?id=G-JZ3Y3DDMPK&l=dataLayer&cx=c was preloaded using link preload but not used within a few seconds from the window's load event. Please make sure it has an appropriate `as` value and it is preloaded intentionally. @ https://www.verywellmind.com/friendship-style-quiz-8653537:0
[ 1822717ms] [WARNING] The resource https://www.googletagmanager.com/gtag/js?id=G-JZ3Y3DDMPK&l=dataLayer&cx=c was preloaded using link preload but not used within a few seconds from the window's load event. Please make sure it has an appropriate `as` value and it is preloaded intentionally. @ https://www.verywellmind.com/friendship-style-quiz-8653537:0
[ 1827830ms] [WARNING] The resource https://www.googletagmanager.com/gtag/js?id=G-JZ3Y3DDMPK&l=dataLayer&cx=c was preloaded using link preload but not used within a few seconds from the window's load event. Please make sure it has an appropriate `as` value and it is preloaded intentionally. @ https://www.verywellmind.com/friendship-style-quiz-8653537:0
[ 1833962ms] [WARNING] The resource https://www.googletagmanager.com/gtag/js?id=G-JZ3Y3DDMPK&l=dataLayer&cx=c was preloaded using link preload but not used within a few seconds from the window's load event. Please make sure it has an appropriate `as` value and it is preloaded intentionally. @ https://www.verywellmind.com/friendship-style-quiz-8653537:0
[ 1838975ms] [WARNING] The resource https://www.googletagmanager.com/gtag/js?id=G-JZ3Y3DDMPK&l=dataLayer&cx=c was preloaded using link preload but not used within a few seconds from the window's load event. Please make sure it has an appropriate `as` value and it is preloaded intentionally. @ https://www.verywellmind.com/friendship-style-quiz-8653537:0
[ 1844089ms] [ERROR] Attestation check for Shared Storage on https://www.googleadservices.com failed. @ https://www.googleadservices.com/pagead/managed/js/activeview/current/reach_worklet.html:0
[ 1848090ms] [WARNING] The resource https://www.googletagmanager.com/gtag/js?id=G-JZ3Y3DDMPK&l=dataLayer&cx=c was preloaded using link preload but not used within a few seconds from the window's load event. Please make sure it has an appropriate `as` value and it is preloaded intentionally. @ https://www.verywellmind.com/friendship-style-quiz-8653537:0
[ 1852020ms] [WARNING] The resource https://www.googletagmanager.com/gtag/js?id=G-JZ3Y3DDMPK&l=dataLayer&cx=c was preloaded using link preload but not used within a few seconds from the window's load event. Please make sure it has an appropriate `as` value and it is preloaded intentionally. @ https://www.verywellmind.com/friendship-style-quiz-8653537:0
[ 1858110ms] [WARNING] The resource https://www.googletagmanager.com/gtag/js?id=G-JZ3Y3DDMPK&l=dataLayer&cx=c was preloaded using link preload but not used within a few seconds from the window's load event. Please make sure it has an appropriate `as` value and it is preloaded intentionally. @ https://www.verywellmind.com/friendship-style-quiz-8653537:0
[ 1863984ms] [WARNING] The resource https://www.googletagmanager.com/gtag/js?id=G-JZ3Y3DDMPK&l=dataLayer&cx=c was preloaded using link preload but not used within a few seconds from the window's load event. Please make sure it has an appropriate `as` value and it is preloaded intentionally. @ https://www.verywellmind.com/friendship-style-quiz-8653537:0
[ 1868992ms] [WARNING] The resource https://www.googletagmanager.com/gtag/js?id=G-JZ3Y3DDMPK&l=dataLayer&cx=c was preloaded using link preload but not used within a few seconds from the window's load event. Please make sure it has an appropriate `as` value and it is preloaded intentionally. @ https://www.verywellmind.com/friendship-style-quiz-8653537:0
[ 1877348ms] [ERROR] Attestation check for Shared Storage on https://www.googleadservices.com failed. @ https://www.googleadservices.com/pagead/managed/js/activeview/current/reach_worklet.html:0
[ 1880848ms] [WARNING] The resource https://www.googletagmanager.com/gtag/js?id=G-JZ3Y3DDMPK&l=dataLayer&cx=c was preloaded using link preload but not used within a few seconds from the window's load event. Please make sure it has an appropriate `as` value and it is preloaded intentionally. @ https://www.verywellmind.com/friendship-style-quiz-8653537:0
[ 1884623ms] [WARNING] The resource https://www.googletagmanager.com/gtag/js?id=G-JZ3Y3DDMPK&l=dataLayer&cx=c was preloaded using link preload but not used within a few seconds from the window's load event. Please make sure it has an appropriate `as` value and it is preloaded intentionally. @ https://www.verywellmind.com/friendship-style-quiz-8653537:0
[ 1888672ms] [WARNING] The resource https://www.googletagmanager.com/gtag/js?id=G-JZ3Y3DDMPK&l=dataLayer&cx=c was preloaded using link preload but not used within a few seconds from the window's load event. Please make sure it has an appropriate `as` value and it is preloaded intentionally. @ https://www.verywellmind.com/friendship-style-quiz-8653537:0
[ 1909765ms] [ERROR] Attestation check for Shared Storage on https://www.googleadservices.com failed. @ https://www.googleadservices.com/pagead/managed/js/activeview/current/reach_worklet.html:0
[ 1913172ms] [WARNING] The resource https://www.googletagmanager.com/gtag/js?id=G-JZ3Y3DDMPK&l=dataLayer&cx=c was preloaded using link preload but not used within a few seconds from the window's load event. Please make sure it has an appropriate `as` value and it is preloaded intentionally. @ https://www.verywellmind.com/friendship-style-quiz-8653537:0
[ 1918063ms] [WARNING] The resource https://www.googletagmanager.com/gtag/js?id=G-JZ3Y3DDMPK&l=dataLayer&cx=c was preloaded using link preload but not used within a few seconds from the window's load event. Please make sure it has an appropriate `as` value and it is preloaded intentionally. @ https://www.verywellmind.com/friendship-style-quiz-8653537:0
[ 1923969ms] [WARNING] The resource https://www.googletagmanager.com/gtag/js?id=G-JZ3Y3DDMPK&l=dataLayer&cx=c was preloaded using link preload but not used within a few seconds from the window's load event. Please make sure it has an appropriate `as` value and it is preloaded intentionally. @ https://www.verywellmind.com/friendship-style-quiz-8653537:0
[ 1928975ms] [WARNING] The resource https://www.googletagmanager.com/gtag/js?id=G-JZ3Y3DDMPK&l=dataLayer&cx=c was preloaded using link preload but not used within a few seconds from the window's load event. Please make sure it has an appropriate `as` value and it is preloaded intentionally. @ https://www.verywellmind.com/friendship-style-quiz-8653537:0
[ 1941257ms] [ERROR] Attestation check for Shared Storage on https://www.googleadservices.com failed. @ https://www.googleadservices.com/pagead/managed/js/activeview/current/reach_worklet.html:0
[ 1949171ms] [WARNING] The resource https://www.googletagmanager.com/gtag/js?id=G-JZ3Y3DDMPK&l=dataLayer&cx=c was preloaded using link preload but not used within a few seconds from the window's load event. Please make sure it has an appropriate `as` value and it is preloaded intentionally. @ https://www.verywellmind.com/friendship-style-quiz-8653537:0
[ 1973413ms] [ERROR] Attestation check for Shared Storage on https://www.googleadservices.com failed. @ https://www.googleadservices.com/pagead/managed/js/activeview/current/reach_worklet.html:0
[ 1984368ms] [WARNING] The resource https://www.googletagmanager.com/gtag/js?id=G-JZ3Y3DDMPK&l=dataLayer&cx=c was preloaded using link preload but not used within a few seconds from the window's load event. Please make sure it has an appropriate `as` value and it is preloaded intentionally. @ https://www.verywellmind.com/friendship-style-quiz-8653537:0
[ 1989364ms] [WARNING] The resource https://www.googletagmanager.com/gtag/js?id=G-JZ3Y3DDMPK&l=dataLayer&cx=c was preloaded using link preload but not used within a few seconds from the window's load event. Please make sure it has an appropriate `as` value and it is preloaded intentionally. @ https://www.verywellmind.com/friendship-style-quiz-8653537:0
[ 1994362ms] [WARNING] The resource https://www.googletagmanager.com/gtag/js?id=G-JZ3Y3DDMPK&l=dataLayer&cx=c was preloaded using link preload but not used within a few seconds from the window's load event. Please make sure it has an appropriate `as` value and it is preloaded intentionally. @ https://www.verywellmind.com/friendship-style-quiz-8653537:0
[ 2005523ms] [ERROR] Attestation check for Shared Storage on https://www.googleadservices.com failed. @ https://www.googleadservices.com/pagead/managed/js/activeview/current/reach_worklet.html:0
[ 2009505ms] [WARNING] The resource https://www.googletagmanager.com/gtag/js?id=G-JZ3Y3DDMPK&l=dataLayer&cx=c was preloaded using link preload but not used within a few seconds from the window's load event. Please make sure it has an appropriate `as` value and it is preloaded intentionally. @ https://www.verywellmind.com/friendship-style-quiz-8653537:0
[ 2013453ms] [WARNING] The resource https://www.googletagmanager.com/gtag/js?id=G-JZ3Y3DDMPK&l=dataLayer&cx=c was preloaded using link preload but not used within a few seconds from the window's load event. Please make sure it has an appropriate `as` value and it is preloaded intentionally. @ https://www.verywellmind.com/friendship-style-quiz-8653537:0
[ 2037706ms] [ERROR] Attestation check for Shared Storage on https://www.googleadservices.com failed. @ https://www.googleadservices.com/pagead/managed/js/activeview/current/reach_worklet.html:0
[ 2044093ms] [WARNING] The resource https://www.googletagmanager.com/gtag/js?id=G-JZ3Y3DDMPK&l=dataLayer&cx=c was preloaded using link preload but not used within a few seconds from the window's load event. Please make sure it has an appropriate `as` value and it is preloaded intentionally. @ https://www.verywellmind.com/friendship-style-quiz-8653537:0
